<?xml version="1.0" encoding="UTF-8"?>
<!-- Generated by org.testng.reporters.JUnitXMLReporter -->
<testsuite ignored="0" hostname="LAPTOP-17AKDM07" failures="0" tests="9" name="Default test" time="13.781" errors="0" timestamp="2023-03-21T21:34:56 IST">
  <testcase classname="testClasses.AlertsAndWindows" name="openAlertsSection" time="0.152"/>
  <testcase classname="testClasses.AlertsAndWindows" name="handleAlert" time="0.16"/>
  <testcase classname="testClasses.AlertsAndWindows" name="handleTimerAlert" time="6.103"/>
  <testcase classname="testClasses.AlertsAndWindows" name="acceptConfirmAlert" time="0.092"/>
  <testcase classname="testClasses.AlertsAndWindows" name="verifyAcceptConfirmAlert" time="0.076"/>
  <testcase classname="testClasses.AlertsAndWindows" name="dismissConfirmAlert" time="0.088"/>
  <testcase classname="testClasses.AlertsAndWindows" name="verifyDismissConfirmAlertResult" time="0.033"/>
  <testcase classname="testClasses.AlertsAndWindows" name="handlePromptAlert" time="0.092"/>
  <testcase classname="testClasses.AlertsAndWindows" name="verifyPromptAlertResult" time="0.162"/>
</testsuite> <!-- Default test -->
